This file contains any messages produced by compilers while
running configure, to aid debugging if configure makes a mistake.

It was created by configure, which was
generated by GNU Autoconf 2.64.  Invocation command line was

  $ ../riscv-gcc/configure --prefix=/home/yuanwenhong/gcc_compiler_riscv/gcc_riscv32/gcc_riscv32 --target=riscv32-unknown-elf --with-arch=rv32imc --with-abi=ilp32 --disable-__cxa_atexit --disable-libgomp --disable-libmudflap --enable-libssp --disable-libstdcxx-pch --disable-nls --disable-shared --disable-threads --disable-multilib --enable-poison-system-directories --enable-languages=c,c++ --with-gnu-as --with-gnu-ld --with-newlib --with-system-zlib CFLAGS=-fstack-protector-strong -O2 -D_FORTIFY_SOURCE=2 -Wl,-z,relro,-z,now,-z,noexecstack -fPIE CXXFLAGS=-fstack-protector-strong -O2 -D_FORTIFY_SOURCE=2 -Wl,-z,relro,-z,now,-z,noexecstack -fPIE LDFLAGS=-Wl,-z,relro,-z,now,-z,noexecstack CXXFLAGS_FOR_TARGET=-Os -mcmodel=medlow -Wall -fstack-protector-strong -Wl,-z,relro,-z,now,-z,noexecstack -Wtrampolines -fno-short-enums -fno-short-wchar CFLAGS_FOR_TARGET=-Os -mcmodel=medlow -Wall -fstack-protector-strong -Wl,-z,relro,-z,now,-z,noexecstack -Wtrampolines -fno-short-enums -fno-short-wchar --with-headers=/home/yuanwenhong/gcc_compiler_riscv/gcc_riscv32/gcc-riscv32/riscv32-unknown-elf/include --with-mpc=/usr/local/mpc-1.1.0 --with-gmp=/usr/local/gmp-6.1.2 --with-mpfr=/usr/local/mpfr-4.0.2

## --------- ##
## Platform. ##
## --------- ##

hostname = hisi
uname -m = x86_64
uname -r = 4.15.0-112-generic
uname -s = Linux
uname -v = #113-Ubuntu SMP Thu Jul 9 23:41:39 UTC 2020

/usr/bin/uname -p = unknown
/bin/uname -X     = unknown

/bin/arch              = unknown
/usr/bin/arch -k       = unknown
/usr/convex/getsysinfo = unknown
/usr/bin/hostinfo      = unknown
/bin/machine           = unknown
/usr/bin/oslevel       = unknown
/bin/universe          = unknown

PATH: /home/yuanwenhong/.local/bin
PATH: /home/yuanwenhong/bin
PATH: //home/yuanwenhong/tools/jdk1.8.0_262//bin
PATH: //home/yuanwenhong/tools/jdk1.8.0_262//jre/bin
PATH: /home/yuanwenhong/tools/sysroots/x86_64-eulersdk-linux/usr/bin
PATH: /home/yuanwenhong/tools/developtools
PATH: /home/yuanwenhong/tools/gn
PATH: /home/yuanwenhong/tools/ninja
PATH: /home/yuanwenhong/tools/hc-gen
PATH: /home/yuanwenhong/tools/llvm/bin
PATH: /home/yuanwenhong/tools/arm-linux-ohoseabi-gcc/bin
PATH: /opt/hisi-linux/x86-arm/arm-himix100-linux/bin
PATH: /home/yuanwenhong/tools/hcc_riscv32/bin
PATH: /home/yuanwenhong/bin
PATH: /home/liuwenzhe/tools/hcc_riscv32/bin
PATH: /home/yuanwenhong/tools//arm-himix410-linux/bin
PATH: /opt/hisi-linux/x86-arm/arm-himix200-linux/bin
PATH: /opt/hisi-linux/x86-arm/aarch64-himix100-linux/bin
PATH: /opt/hisi-linux/x86-arm/arm-himix410-linux/bin
PATH: /opt/hisi-linux/x86-arm/arm-himix100-linux/bin
PATH: /usr/local/sbin
PATH: /usr/local/bin
PATH: /usr/sbin
PATH: /usr/bin
PATH: /sbin
PATH: /bin
PATH: /usr/games
PATH: /usr/local/games
PATH: /snap/bin


## ----------- ##
## Core tests. ##
## ----------- ##

configure:2304: checking build system type
configure:2318: result: x86_64-pc-linux-gnu
configure:2365: checking host system type
configure:2378: result: x86_64-pc-linux-gnu
configure:2398: checking target system type
configure:2411: result: riscv32-unknown-elf
configure:2465: checking for a BSD-compatible install
configure:2533: result: /usr/bin/install -c
configure:2544: checking whether ln works
configure:2566: result: yes
configure:2570: checking whether ln -s works
configure:2574: result: yes
configure:2581: checking for a sed that does not truncate output
configure:2645: result: /bin/sed
configure:2654: checking for gawk
configure:2670: found /usr/bin/gawk
configure:2681: result: gawk
configure:3175: checking for libatomic support
configure:3181: result: no
configure:3194: checking for libcilkrts support
configure:3200: result: no
configure:3232: checking for libitm support
configure:3238: result: no
configure:3251: checking for libsanitizer support
configure:3257: result: no
configure:3270: checking for libvtv support
configure:3276: result: no
configure:3290: checking for libmpx support
configure:3296: result: no
configure:3309: checking for libhsail-rt support
configure:3315: result: no
configure:4038: checking for gcc
configure:4054: found /usr/bin/gcc
configure:4065: result: gcc
configure:4294: checking for C compiler version
configure:4303: gcc --version >&5
gcc (Ubuntu 7.5.0-3ubuntu1~18.04) 7.5.0
Copyright (C) 2017 Free Software Foundation, Inc.
This is free software; see the source for copying conditions.  There is NO
warranty; not even for MERCHANTABILITY or FITNESS FOR A PARTICULAR PURPOSE.

configure:4314: $? = 0
configure:4303: gcc -v >&5
Using built-in specs.
COLLECT_GCC=gcc
COLLECT_LTO_WRAPPER=/usr/lib/gcc/x86_64-linux-gnu/7/lto-wrapper
OFFLOAD_TARGET_NAMES=nvptx-none
OFFLOAD_TARGET_DEFAULT=1
Target: x86_64-linux-gnu
Configured with: ../src/configure -v --with-pkgversion='Ubuntu 7.5.0-3ubuntu1~18.04' --with-bugurl=file:///usr/share/doc/gcc-7/README.Bugs --enable-languages=c,ada,c++,go,brig,d,fortran,objc,obj-c++ --prefix=/usr --with-gcc-major-version-only --program-suffix=-7 --program-prefix=x86_64-linux-gnu- --enable-shared --enable-linker-build-id --libexecdir=/usr/lib --without-included-gettext --enable-threads=posix --libdir=/usr/lib --enable-nls --enable-bootstrap --enable-clocale=gnu --enable-libstdcxx-debug --enable-libstdcxx-time=yes --with-default-libstdcxx-abi=new --enable-gnu-unique-object --disable-vtable-verify --enable-libmpx --enable-plugin --enable-default-pie --with-system-zlib --with-target-system-zlib --enable-objc-gc=auto --enable-multiarch --disable-werror --with-arch-32=i686 --with-abi=m64 --with-multilib-list=m32,m64,mx32 --enable-multilib --with-tune=generic --enable-offload-targets=nvptx-none --without-cuda-driver --enable-checking=release --build=x86_64-linux-gnu --host=x86_64-linux-gnu --target=x86_64-linux-gnu
Thread model: posix
gcc version 7.5.0 (Ubuntu 7.5.0-3ubuntu1~18.04) 
configure:4314: $? = 0
configure:4303: gcc -V >&5
gcc: error: unrecognized command line option '-V'
gcc: fatal error: no input files
compilation terminated.
configure:4314: $? = 1
configure:4303: gcc -qversion >&5
gcc: error: unrecognized command line option '-qversion'; did you mean '--version'?
gcc: fatal error: no input files
compilation terminated.
configure:4314: $? = 1
configure:4334: checking for C compiler default output file name
configure:4356: gcc -fstack-protector-strong -O2 -D_FORTIFY_SOURCE=2 -Wl,-z,relro,-z,now,-z,noexecstack -fPIE  -Wl,-z,relro,-z,now,-z,noexecstack conftest.c  >&5
configure:4360: $? = 0
configure:4397: result: a.out
configure:4413: checking whether the C compiler works
configure:4422: ./a.out
configure:4426: $? = 0
configure:4441: result: yes
configure:4448: checking whether we are cross compiling
configure:4450: result: no
configure:4453: checking for suffix of executables
configure:4460: gcc -o conftest -fstack-protector-strong -O2 -D_FORTIFY_SOURCE=2 -Wl,-z,relro,-z,now,-z,noexecstack -fPIE  -Wl,-z,relro,-z,now,-z,noexecstack conftest.c  >&5
configure:4464: $? = 0
configure:4486: result: 
configure:4492: checking for suffix of object files
configure:4514: gcc -c -fstack-protector-strong -O2 -D_FORTIFY_SOURCE=2 -Wl,-z,relro,-z,now,-z,noexecstack -fPIE  conftest.c >&5
configure:4518: $? = 0
configure:4539: result: o
configure:4543: checking whether we are using the GNU C compiler
configure:4562: gcc -c -fstack-protector-strong -O2 -D_FORTIFY_SOURCE=2 -Wl,-z,relro,-z,now,-z,noexecstack -fPIE  conftest.c >&5
configure:4562: $? = 0
configure:4571: result: yes
configure:4580: checking whether gcc accepts -g
configure:4600: gcc -c -g  conftest.c >&5
configure:4600: $? = 0
configure:4641: result: yes
configure:4658: checking for gcc option to accept ISO C89
configure:4722: gcc  -c -fstack-protector-strong -O2 -D_FORTIFY_SOURCE=2 -Wl,-z,relro,-z,now,-z,noexecstack -fPIE  conftest.c >&5
configure:4722: $? = 0
configure:4735: result: none needed
configure:4813: checking for g++
configure:4829: found /usr/bin/g++
configure:4840: result: g++
configure:4867: checking for C++ compiler version
configure:4876: g++ --version >&5
g++ (Ubuntu 7.5.0-3ubuntu1~18.04) 7.5.0
Copyright (C) 2017 Free Software Foundation, Inc.
This is free software; see the source for copying conditions.  There is NO
warranty; not even for MERCHANTABILITY or FITNESS FOR A PARTICULAR PURPOSE.

configure:4887: $? = 0
configure:4876: g++ -v >&5
Using built-in specs.
COLLECT_GCC=g++
COLLECT_LTO_WRAPPER=/usr/lib/gcc/x86_64-linux-gnu/7/lto-wrapper
OFFLOAD_TARGET_NAMES=nvptx-none
OFFLOAD_TARGET_DEFAULT=1
Target: x86_64-linux-gnu
Configured with: ../src/configure -v --with-pkgversion='Ubuntu 7.5.0-3ubuntu1~18.04' --with-bugurl=file:///usr/share/doc/gcc-7/README.Bugs --enable-languages=c,ada,c++,go,brig,d,fortran,objc,obj-c++ --prefix=/usr --with-gcc-major-version-only --program-suffix=-7 --program-prefix=x86_64-linux-gnu- --enable-shared --enable-linker-build-id --libexecdir=/usr/lib --without-included-gettext --enable-threads=posix --libdir=/usr/lib --enable-nls --enable-bootstrap --enable-clocale=gnu --enable-libstdcxx-debug --enable-libstdcxx-time=yes --with-default-libstdcxx-abi=new --enable-gnu-unique-object --disable-vtable-verify --enable-libmpx --enable-plugin --enable-default-pie --with-system-zlib --with-target-system-zlib --enable-objc-gc=auto --enable-multiarch --disable-werror --with-arch-32=i686 --with-abi=m64 --with-multilib-list=m32,m64,mx32 --enable-multilib --with-tune=generic --enable-offload-targets=nvptx-none --without-cuda-driver --enable-checking=release --build=x86_64-linux-gnu --host=x86_64-linux-gnu --target=x86_64-linux-gnu
Thread model: posix
gcc version 7.5.0 (Ubuntu 7.5.0-3ubuntu1~18.04) 
configure:4887: $? = 0
configure:4876: g++ -V >&5
g++: error: unrecognized command line option '-V'
g++: fatal error: no input files
compilation terminated.
configure:4887: $? = 1
configure:4876: g++ -qversion >&5
g++: error: unrecognized command line option '-qversion'; did you mean '--version'?
g++: fatal error: no input files
compilation terminated.
configure:4887: $? = 1
configure:4891: checking whether we are using the GNU C++ compiler
configure:4910: g++ -c -fstack-protector-strong -O2 -D_FORTIFY_SOURCE=2 -Wl,-z,relro,-z,now,-z,noexecstack -fPIE  conftest.cpp >&5
configure:4910: $? = 0
configure:4919: result: yes
configure:4928: checking whether g++ accepts -g
configure:4948: g++ -c -g  conftest.cpp >&5
configure:4948: $? = 0
configure:4989: result: yes
configure:5038: checking whether g++ accepts -static-libstdc++ -static-libgcc
configure:5055: g++ -o conftest -fstack-protector-strong -O2 -D_FORTIFY_SOURCE=2 -Wl,-z,relro,-z,now,-z,noexecstack -fPIE  -Wl,-z,relro,-z,now,-z,noexecstack -static-libstdc++ -static-libgcc conftest.cpp  >&5
configure:5055: $? = 0
configure:5056: result: yes
configure:5120: checking for gnatbind
configure:5150: result: no
configure:5212: checking for gnatmake
configure:5242: result: no
configure:5261: checking whether compiler driver understands Ada
configure:5284: result: no
configure:5293: checking how to compare bootstrapped objects
configure:5318: result: cmp --ignore-initial=16 $$f1 $$f2
configure:5378: checking for objdir
configure:5393: result: .libs
configure:5564: checking for the correct version of gmp.h
configure:5584: gcc -c -fstack-protector-strong -O2 -D_FORTIFY_SOURCE=2 -Wl,-z,relro,-z,now,-z,noexecstack -fPIE -I/usr/local/gmp-6.1.2/include -I/usr/local/mpfr-4.0.2/include -I/usr/local/mpc-1.1.0/include   conftest.c >&5
configure:5584: $? = 0
configure:5602: gcc -c -fstack-protector-strong -O2 -D_FORTIFY_SOURCE=2 -Wl,-z,relro,-z,now,-z,noexecstack -fPIE -I/usr/local/gmp-6.1.2/include -I/usr/local/mpfr-4.0.2/include -I/usr/local/mpc-1.1.0/include   conftest.c >&5
configure:5602: $? = 0
configure:5603: result: yes
configure:5619: checking for the correct version of mpfr.h
configure:5637: gcc -c -fstack-protector-strong -O2 -D_FORTIFY_SOURCE=2 -Wl,-z,relro,-z,now,-z,noexecstack -fPIE -I/usr/local/gmp-6.1.2/include -I/usr/local/mpfr-4.0.2/include -I/usr/local/mpc-1.1.0/include   conftest.c >&5
configure:5637: $? = 0
configure:5654: gcc -c -fstack-protector-strong -O2 -D_FORTIFY_SOURCE=2 -Wl,-z,relro,-z,now,-z,noexecstack -fPIE -I/usr/local/gmp-6.1.2/include -I/usr/local/mpfr-4.0.2/include -I/usr/local/mpc-1.1.0/include   conftest.c >&5
configure:5654: $? = 0
configure:5655: result: yes
configure:5672: checking for the correct version of mpc.h
configure:5689: gcc -c -fstack-protector-strong -O2 -D_FORTIFY_SOURCE=2 -Wl,-z,relro,-z,now,-z,noexecstack -fPIE -I/usr/local/gmp-6.1.2/include -I/usr/local/mpfr-4.0.2/include -I/usr/local/mpc-1.1.0/include   conftest.c >&5
configure:5689: $? = 0
configure:5705: gcc -c -fstack-protector-strong -O2 -D_FORTIFY_SOURCE=2 -Wl,-z,relro,-z,now,-z,noexecstack -fPIE -I/usr/local/gmp-6.1.2/include -I/usr/local/mpfr-4.0.2/include -I/usr/local/mpc-1.1.0/include   conftest.c >&5
configure:5705: $? = 0
configure:5706: result: yes
configure:5724: checking for the correct version of the gmp/mpfr/mpc libraries
configure:5755: gcc -o conftest -fstack-protector-strong -O2 -D_FORTIFY_SOURCE=2 -Wl,-z,relro,-z,now,-z,noexecstack -fPIE -I/usr/local/gmp-6.1.2/include -I/usr/local/mpfr-4.0.2/include -I/usr/local/mpc-1.1.0/include   -Wl,-z,relro,-z,now,-z,noexecstack conftest.c  -L/usr/local/gmp-6.1.2/lib -L/usr/local/mpfr-4.0.2/lib -L/usr/local/mpc-1.1.0/lib -lmpc -lmpfr -lgmp >&5
configure:5755: $? = 0
configure:5756: result: yes
configure:5941: checking for isl 0.15 or later
configure:5954: gcc -o conftest -fstack-protector-strong -O2 -D_FORTIFY_SOURCE=2 -Wl,-z,relro,-z,now,-z,noexecstack -fPIE  -I/usr/local/gmp-6.1.2/include -I/usr/local/mpfr-4.0.2/include -I/usr/local/mpc-1.1.0/include   -Wl,-z,relro,-z,now,-z,noexecstack  -lisl -L/usr/local/gmp-6.1.2/lib -L/usr/local/mpfr-4.0.2/lib -L/usr/local/mpc-1.1.0/lib -lmpc -lmpfr -lgmp conftest.c  -lisl -lgmp >&5
conftest.c:10:10: fatal error: isl/schedule.h: No such file or directory
 #include <isl/schedule.h>
          ^~~~~~~~~~~~~~~~
compilation terminated.
configure:5954: $? = 1
configure: failed program was:
| /* confdefs.h */
| #define PACKAGE_NAME ""
| #define PACKAGE_TARNAME ""
| #define PACKAGE_VERSION ""
| #define PACKAGE_STRING ""
| #define PACKAGE_BUGREPORT ""
| #define PACKAGE_URL ""
| #define LT_OBJDIR ".libs/"
| /* end confdefs.h.  */
| #include <isl/schedule.h>
| int
| main ()
| {
| isl_options_set_schedule_serialize_sccs (NULL, 0);
|   ;
|   return 0;
| }
configure:5961: result: no
configure:5965: result: required isl version is 0.15 or later
